<?xml version="1.0" encoding="UTF-8"?>
<!-- Generated by org.testng.reporters.JUnitReportReporter -->
<testsuite hostname="VNMPCTHN12" failures="0" tests="1" name="uk.co.automationtesting.liveproject1.OrderCompleteTest" time="15.935" errors="0" timestamp="2024-09-02T11:31:13 ICT" skipped="0">
  <testcase classname="uk.co.automationtesting.liveproject1.OrderCompleteTest" name="endToEndTest" time="15.935"/>
</testsuite> <!-- uk.co.automationtesting.liveproject1.OrderCompleteTest -->
