<?xml version="1.0" encoding="UTF-8"?>
<!-- Generated by org.testng.reporters.JUnitReportReporter -->
<testsuite hostname="Nguyens-MacBook-Pro.local" failures="0" tests="1" name="uk.co.automationtesting.liveproject1.OrderCompleteTest" time="33.697" errors="0" timestamp="2025-02-22T11:20:30 GMT+07:00" skipped="0">
  <testcase classname="uk.co.automationtesting.liveproject1.OrderCompleteTest" name="endToEndTest" time="33.697"/>
</testsuite> <!-- uk.co.automationtesting.liveproject1.OrderCompleteTest -->
